<?xml version="1.0" encoding="UTF-8"?>
<!-- Generated by org.testng.reporters.JUnitXMLReporter -->
<testsuite ignored="1" hostname="DESKTOP-BK636F0" failures="1" tests="2" name="opencartTest" time="75.09" errors="0" timestamp="2023-01-24T11:07:14 IST">
  <testcase classname="testCases.AccountRegistrationTest" name="testAcctRegistration" time="12.782">
    <failure type="java.lang.AssertionError" message="null">
      <![CDATA[java.lang.AssertionError: null
at testCases.AccountRegistrationTest.testAcctRegistration(AccountRegistrationTest.java:40)
at java.base/java.util.ArrayList.forEach(ArrayList.java:1511)
... Removed 33 stack frames]]>
    </failure>
  </testcase> <!-- testAcctRegistration -->
  <testcase classname="testCases.LoginTest" name="test_Login" time="27.295"/>
  <testcase classname="testCases.loginDataProviderTest" name="test_LoginDDT" time="0.0">
    <ignored/>
  </testcase> <!-- test_LoginDDT -->
</testsuite> <!-- opencartTest -->
