<?xml version="1.0" encoding="UTF-8"?>
<!-- Generated by org.testng.reporters.JUnitXMLReporter -->
<testsuite ignored="1" hostname="DESKTOP-BK636F0" failures="1" tests="2" name="opencartTest" time="44.348" errors="0" timestamp="2022-12-17T22:25:50 IST">
  <testcase classname="testCases.AccountRegistrationTest" name="testAcctRegistration" time="11.296">
    <failure type="java.lang.AssertionError" message="null">
      <![CDATA[java.lang.AssertionError: null
at testCases.AccountRegistrationTest.testAcctRegistration(AccountRegistrationTest.java:40)
at java.base/java.util.ArrayList.forEach(ArrayList.java:1540)
... Removed 29 stack frames]]>
    </failure>
  </testcase> <!-- testAcctRegistration -->
  <testcase classname="testCases.LoginTest" name="test_Login" time="16.861"/>
  <testcase classname="testCases.loginDataProviderTest" name="test_LoginDDT" time="0.0">
    <ignored/>
  </testcase> <!-- test_LoginDDT -->
</testsuite> <!-- opencartTest -->
